{"/Applications/Projects/2021/PLTTest/src/Home.tsx": {"path":"/Applications/Projects/2021/PLTTest/src/Home.tsx","statementMap":{"0":{"start":{"line":29,"column":16},"end":{"line":53,"column":1}},"1":{"start":{"line":30,"column":21},"end":{"line":30,"column":48}},"2":{"start":{"line":31,"column":2},"end":{"line":52,"column":4}},"3":{"start":{"line":55,"column":25},"end":{"line":91,"column":1}},"4":{"start":{"line":56,"column":21},"end":{"line":56,"column":48}},"5":{"start":{"line":58,"column":26},"end":{"line":60,"column":3}},"6":{"start":{"line":62,"column":2},"end":{"line":90,"column":4}},"7":{"start":{"line":93,"column":15},"end":{"line":110,"column":2}}},"fnMap":{"0":{"name":"(anonymous_0)","decl":{"start":{"line":29,"column":16},"end":{"line":29,"column":17}},"loc":{"start":{"line":29,"column":45},"end":{"line":53,"column":1}},"line":29},"1":{"name":"(anonymous_1)","decl":{"start":{"line":55,"column":25},"end":{"line":55,"column":26}},"loc":{"start":{"line":55,"column":31},"end":{"line":91,"column":1}},"line":55}},"branchMap":{"0":{"loc":{"start":{"line":37,"column":19},"end":{"line":37,"column":59}},"type":"cond-expr","locations":[{"start":{"line":37,"column":32},"end":{"line":37,"column":44}},{"start":{"line":37,"column":47},"end":{"line":37,"column":59}}],"line":37},"1":{"loc":{"start":{"line":46,"column":19},"end":{"line":46,"column":58}},"type":"cond-expr","locations":[{"start":{"line":46,"column":32},"end":{"line":46,"column":44}},{"start":{"line":46,"column":47},"end":{"line":46,"column":58}}],"line":46},"2":{"loc":{"start":{"line":59,"column":21},"end":{"line":59,"column":64}},"type":"cond-expr","locations":[{"start":{"line":59,"column":34},"end":{"line":59,"column":47}},{"start":{"line":59,"column":50},"end":{"line":59,"column":64}}],"line":59},"3":{"loc":{"start":{"line":64,"column":27},"end":{"line":64,"column":72}},"type":"cond-expr","locations":[{"start":{"line":64,"column":40},"end":{"line":64,"column":55}},{"start":{"line":64,"column":58},"end":{"line":64,"column":72}}],"line":64},"4":{"loc":{"start":{"line":71,"column":29},"end":{"line":71,"column":69}},"type":"cond-expr","locations":[{"start":{"line":71,"column":42},"end":{"line":71,"column":54}},{"start":{"line":71,"column":57},"end":{"line":71,"column":69}}],"line":71}},"s":{"0":1,"1":4,"2":4,"3":1,"4":1,"5":1,"6":1,"7":1},"f":{"0":4,"1":1},"b":{"0":[0,4],"1":[0,4],"2":[0,1],"3":[0,1],"4":[0,1]},"_coverageSchema":"1a1c01bbd47fc00a2c39e90264f33305004495a9","hash":"25d0ce42b30be411b9bc037e0b923b28c1f8d2ac"}
,"/Applications/Projects/2021/PLTTest/src/components/products.tsx": {"path":"/Applications/Projects/2021/PLTTest/src/components/products.tsx","statementMap":{"0":{"start":{"line":12,"column":28},"end":{"line":32,"column":1}},"1":{"start":{"line":13,"column":21},"end":{"line":13,"column":36}},"2":{"start":{"line":15,"column":2},"end":{"line":31,"column":4}},"3":{"start":{"line":19,"column":8},"end":{"line":19,"column":70}},"4":{"start":{"line":27,"column":21},"end":{"line":27,"column":52}},"5":{"start":{"line":36,"column":15},"end":{"line":46,"column":2}}},"fnMap":{"0":{"name":"(anonymous_0)","decl":{"start":{"line":12,"column":28},"end":{"line":12,"column":29}},"loc":{"start":{"line":12,"column":43},"end":{"line":32,"column":1}},"line":12},"1":{"name":"(anonymous_1)","decl":{"start":{"line":18,"column":15},"end":{"line":18,"column":16}},"loc":{"start":{"line":19,"column":8},"end":{"line":19,"column":70}},"line":19},"2":{"name":"(anonymous_2)","decl":{"start":{"line":27,"column":15},"end":{"line":27,"column":16}},"loc":{"start":{"line":27,"column":21},"end":{"line":27,"column":52}},"line":27}},"branchMap":{},"s":{"0":2,"1":0,"2":0,"3":0,"4":0,"5":2},"f":{"0":0,"1":0,"2":0},"b":{},"_coverageSchema":"1a1c01bbd47fc00a2c39e90264f33305004495a9","hash":"aad296d1c1d4295db7c1c5513d5939c8ca4b6ac2"}
,"/Applications/Projects/2021/PLTTest/src/screens/basket.tsx": {"path":"/Applications/Projects/2021/PLTTest/src/screens/basket.tsx","statementMap":{"0":{"start":{"line":19,"column":15},"end":{"line":66,"column":1}},"1":{"start":{"line":20,"column":16},"end":{"line":20,"column":61}},"2":{"start":{"line":20,"column":50},"end":{"line":20,"column":60}},"3":{"start":{"line":21,"column":19},"end":{"line":21,"column":32}},"4":{"start":{"line":22,"column":26},"end":{"line":22,"column":70}},"5":{"start":{"line":23,"column":29},"end":{"line":25,"column":3}},"6":{"start":{"line":24,"column":4},"end":{"line":24,"column":27}},"7":{"start":{"line":26,"column":2},"end":{"line":34,"column":3}},"8":{"start":{"line":27,"column":4},"end":{"line":33,"column":6}},"9":{"start":{"line":35,"column":2},"end":{"line":65,"column":4}},"10":{"start":{"line":40,"column":12},"end":{"line":61,"column":14}},"11":{"start":{"line":48,"column":16},"end":{"line":52,"column":18}},"12":{"start":{"line":55,"column":16},"end":{"line":59,"column":35}},"13":{"start":{"line":56,"column":33},"end":{"line":56,"column":58}},"14":{"start":{"line":68,"column":15},"end":{"line":79,"column":2}}},"fnMap":{"0":{"name":"(anonymous_0)","decl":{"start":{"line":19,"column":15},"end":{"line":19,"column":16}},"loc":{"start":{"line":19,"column":21},"end":{"line":66,"column":1}},"line":19},"1":{"name":"(anonymous_1)","decl":{"start":{"line":20,"column":28},"end":{"line":20,"column":29}},"loc":{"start":{"line":20,"column":50},"end":{"line":20,"column":60}},"line":20},"2":{"name":"(anonymous_2)","decl":{"start":{"line":23,"column":29},"end":{"line":23,"column":30}},"loc":{"start":{"line":23,"column":58},"end":{"line":25,"column":3}},"line":23},"3":{"name":"(anonymous_3)","decl":{"start":{"line":39,"column":26},"end":{"line":39,"column":27}},"loc":{"start":{"line":40,"column":12},"end":{"line":61,"column":14}},"line":40},"4":{"name":"(anonymous_4)","decl":{"start":{"line":47,"column":20},"end":{"line":47,"column":21}},"loc":{"start":{"line":48,"column":16},"end":{"line":52,"column":18}},"line":48},"5":{"name":"(anonymous_5)","decl":{"start":{"line":54,"column":21},"end":{"line":54,"column":22}},"loc":{"start":{"line":55,"column":16},"end":{"line":59,"column":35}},"line":55},"6":{"name":"(anonymous_6)","decl":{"start":{"line":56,"column":27},"end":{"line":56,"column":28}},"loc":{"start":{"line":56,"column":33},"end":{"line":56,"column":58}},"line":56}},"branchMap":{"0":{"loc":{"start":{"line":26,"column":2},"end":{"line":34,"column":3}},"type":"if","locations":[{"start":{"line":26,"column":2},"end":{"line":34,"column":3}},{"start":{"line":26,"column":2},"end":{"line":34,"column":3}}],"line":26},"1":{"loc":{"start":{"line":38,"column":9},"end":{"line":62,"column":12}},"type":"binary-expr","locations":[{"start":{"line":38,"column":9},"end":{"line":38,"column":14}},{"start":{"line":39,"column":10},"end":{"line":62,"column":12}}],"line":38}},"s":{"0":2,"1":5,"2":0,"3":5,"4":5,"5":5,"6":1,"7":5,"8":1,"9":4,"10":4,"11":4,"12":4,"13":1,"14":2},"f":{"0":5,"1":0,"2":1,"3":4,"4":4,"5":4,"6":1},"b":{"0":[1,4],"1":[4,4]},"_coverageSchema":"1a1c01bbd47fc00a2c39e90264f33305004495a9","hash":"c401e495498cc0dde0a055b5f4565c4162f72dc5"}
,"/Applications/Projects/2021/PLTTest/src/screens/home.tsx": {"path":"/Applications/Projects/2021/PLTTest/src/screens/home.tsx","statementMap":{"0":{"start":{"line":6,"column":17},"end":{"line":37,"column":1}},"1":{"start":{"line":7,"column":34},"end":{"line":7,"column":58}},"2":{"start":{"line":8,"column":19},"end":{"line":14,"column":3}},"3":{"start":{"line":9,"column":17},"end":{"line":11,"column":5}},"4":{"start":{"line":12,"column":17},"end":{"line":12,"column":34}},"5":{"start":{"line":13,"column":4},"end":{"line":13,"column":22}},"6":{"start":{"line":16,"column":2},"end":{"line":18,"column":5}},"7":{"start":{"line":17,"column":4},"end":{"line":17,"column":15}},"8":{"start":{"line":20,"column":21},"end":{"line":20,"column":77}},"9":{"start":{"line":20,"column":45},"end":{"line":20,"column":72}},"10":{"start":{"line":21,"column":23},"end":{"line":21,"column":66}},"11":{"start":{"line":21,"column":43},"end":{"line":21,"column":61}},"12":{"start":{"line":23,"column":2},"end":{"line":36,"column":4}},"13":{"start":{"line":39,"column":15},"end":{"line":43,"column":2}}},"fnMap":{"0":{"name":"(anonymous_0)","decl":{"start":{"line":6,"column":17},"end":{"line":6,"column":18}},"loc":{"start":{"line":6,"column":23},"end":{"line":37,"column":1}},"line":6},"1":{"name":"(anonymous_1)","decl":{"start":{"line":8,"column":19},"end":{"line":8,"column":20}},"loc":{"start":{"line":8,"column":31},"end":{"line":14,"column":3}},"line":8},"2":{"name":"(anonymous_2)","decl":{"start":{"line":16,"column":12},"end":{"line":16,"column":13}},"loc":{"start":{"line":16,"column":18},"end":{"line":18,"column":3}},"line":16},"3":{"name":"(anonymous_3)","decl":{"start":{"line":20,"column":33},"end":{"line":20,"column":34}},"loc":{"start":{"line":20,"column":45},"end":{"line":20,"column":72}},"line":20},"4":{"name":"(anonymous_4)","decl":{"start":{"line":21,"column":35},"end":{"line":21,"column":36}},"loc":{"start":{"line":21,"column":43},"end":{"line":21,"column":61}},"line":21}},"branchMap":{"0":{"loc":{"start":{"line":26,"column":9},"end":{"line":26,"column":46}},"type":"binary-expr","locations":[{"start":{"line":26,"column":9},"end":{"line":26,"column":18}},{"start":{"line":26,"column":22},"end":{"line":26,"column":46}}],"line":26},"1":{"loc":{"start":{"line":27,"column":9},"end":{"line":33,"column":9}},"type":"binary-expr","locations":[{"start":{"line":27,"column":9},"end":{"line":27,"column":17}},{"start":{"line":28,"column":10},"end":{"line":32,"column":12}}],"line":27}},"s":{"0":2,"1":0,"2":0,"3":0,"4":0,"5":0,"6":0,"7":0,"8":0,"9":0,"10":0,"11":0,"12":0,"13":2},"f":{"0":0,"1":0,"2":0,"3":0,"4":0},"b":{"0":[0,0],"1":[0,0]},"_coverageSchema":"1a1c01bbd47fc00a2c39e90264f33305004495a9","hash":"f7115c1c2e21e108d10fa06ebe66a282db10a1eb"}
,"/Applications/Projects/2021/PLTTest/src/screens/index.ts": {"path":"/Applications/Projects/2021/PLTTest/src/screens/index.ts","statementMap":{},"fnMap":{},"branchMap":{},"s":{},"f":{},"b":{},"_coverageSchema":"1a1c01bbd47fc00a2c39e90264f33305004495a9","hash":"afd6e23ad00a55a50fb84eed6e5bdd61928c595d"}
,"/Applications/Projects/2021/PLTTest/src/screens/productDetail.tsx": {"path":"/Applications/Projects/2021/PLTTest/src/screens/productDetail.tsx","statementMap":{"0":{"start":{"line":16,"column":22},"end":{"line":64,"column":1}},"1":{"start":{"line":17,"column":19},"end":{"line":17,"column":32}},"2":{"start":{"line":18,"column":23},"end":{"line":18,"column":67}},"3":{"start":{"line":19,"column":32},"end":{"line":19,"column":53}},"4":{"start":{"line":21,"column":21},"end":{"line":21,"column":44}},"5":{"start":{"line":21,"column":27},"end":{"line":21,"column":44}},"6":{"start":{"line":23,"column":20},"end":{"line":26,"column":3}},"7":{"start":{"line":24,"column":4},"end":{"line":24,"column":24}},"8":{"start":{"line":25,"column":4},"end":{"line":25,"column":21}},"9":{"start":{"line":27,"column":26},"end":{"line":27,"column":38}},"10":{"start":{"line":28,"column":2},"end":{"line":63,"column":4}},"11":{"start":{"line":41,"column":23},"end":{"line":41,"column":60}},"12":{"start":{"line":47,"column":25},"end":{"line":47,"column":49}},"13":{"start":{"line":68,"column":15},"end":{"line":82,"column":2}}},"fnMap":{"0":{"name":"(anonymous_0)","decl":{"start":{"line":16,"column":22},"end":{"line":16,"column":23}},"loc":{"start":{"line":16,"column":35},"end":{"line":64,"column":1}},"line":16},"1":{"name":"(anonymous_1)","decl":{"start":{"line":21,"column":21},"end":{"line":21,"column":22}},"loc":{"start":{"line":21,"column":27},"end":{"line":21,"column":44}},"line":21},"2":{"name":"(anonymous_2)","decl":{"start":{"line":23,"column":20},"end":{"line":23,"column":21}},"loc":{"start":{"line":23,"column":49},"end":{"line":26,"column":3}},"line":23},"3":{"name":"(anonymous_3)","decl":{"start":{"line":41,"column":17},"end":{"line":41,"column":18}},"loc":{"start":{"line":41,"column":23},"end":{"line":41,"column":60}},"line":41},"4":{"name":"(anonymous_4)","decl":{"start":{"line":47,"column":19},"end":{"line":47,"column":20}},"loc":{"start":{"line":47,"column":25},"end":{"line":47,"column":49}},"line":47}},"branchMap":{},"s":{"0":2,"1":4,"2":4,"3":4,"4":4,"5":0,"6":4,"7":1,"8":1,"9":4,"10":4,"11":4,"12":1,"13":2},"f":{"0":4,"1":0,"2":1,"3":4,"4":1},"b":{},"_coverageSchema":"1a1c01bbd47fc00a2c39e90264f33305004495a9","hash":"1baa7e1c0efa9a3178e468a14d4946c849ad7b3b"}
,"/Applications/Projects/2021/PLTTest/src/shared/store/index.ts": {"path":"/Applications/Projects/2021/PLTTest/src/shared/store/index.ts","statementMap":{},"fnMap":{},"branchMap":{},"s":{},"f":{},"b":{},"_coverageSchema":"1a1c01bbd47fc00a2c39e90264f33305004495a9","hash":"d6161cd76e9b62ae18fbbfd3dad638b00f28d33c"}
,"/Applications/Projects/2021/PLTTest/src/shared/store/store.ts": {"path":"/Applications/Projects/2021/PLTTest/src/shared/store/store.ts","statementMap":{"0":{"start":{"line":5,"column":21},"end":{"line":5,"column":70}}},"fnMap":{},"branchMap":{},"s":{"0":2},"f":{},"b":{},"_coverageSchema":"1a1c01bbd47fc00a2c39e90264f33305004495a9","hash":"ba5b072845f6a944019a78231520939446f7cc2f"}
,"/Applications/Projects/2021/PLTTest/src/shared/store/action-creators/index.ts": {"path":"/Applications/Projects/2021/PLTTest/src/shared/store/action-creators/index.ts","statementMap":{"0":{"start":{"line":6,"column":26},"end":{"line":13,"column":1}},"1":{"start":{"line":7,"column":2},"end":{"line":12,"column":4}},"2":{"start":{"line":8,"column":4},"end":{"line":11,"column":7}},"3":{"start":{"line":15,"column":29},"end":{"line":22,"column":1}},"4":{"start":{"line":16,"column":2},"end":{"line":21,"column":4}},"5":{"start":{"line":17,"column":4},"end":{"line":20,"column":7}}},"fnMap":{"0":{"name":"(anonymous_0)","decl":{"start":{"line":6,"column":26},"end":{"line":6,"column":27}},"loc":{"start":{"line":6,"column":49},"end":{"line":13,"column":1}},"line":6},"1":{"name":"(anonymous_1)","decl":{"start":{"line":7,"column":9},"end":{"line":7,"column":10}},"loc":{"start":{"line":7,"column":41},"end":{"line":12,"column":3}},"line":7},"2":{"name":"(anonymous_2)","decl":{"start":{"line":15,"column":29},"end":{"line":15,"column":30}},"loc":{"start":{"line":15,"column":52},"end":{"line":22,"column":1}},"line":15},"3":{"name":"(anonymous_3)","decl":{"start":{"line":16,"column":9},"end":{"line":16,"column":10}},"loc":{"start":{"line":16,"column":41},"end":{"line":21,"column":3}},"line":16}},"branchMap":{},"s":{"0":2,"1":1,"2":0,"3":2,"4":1,"5":0},"f":{"0":1,"1":0,"2":1,"3":0},"b":{},"_coverageSchema":"1a1c01bbd47fc00a2c39e90264f33305004495a9","hash":"cd25a09872e9aeff892f54c1b69449713d664974"}
,"/Applications/Projects/2021/PLTTest/src/shared/store/action-types/index.ts": {"path":"/Applications/Projects/2021/PLTTest/src/shared/store/action-types/index.ts","statementMap":{},"fnMap":{},"branchMap":{},"s":{},"f":{},"b":{},"_coverageSchema":"1a1c01bbd47fc00a2c39e90264f33305004495a9","hash":"ce1a5ea946a71c07609fb4daa88da1f7540da663"}
,"/Applications/Projects/2021/PLTTest/src/shared/store/reducers/cardReducer.ts": {"path":"/Applications/Projects/2021/PLTTest/src/shared/store/reducers/cardReducer.ts","statementMap":{"0":{"start":{"line":5,"column":21},"end":{"line":7,"column":1}},"1":{"start":{"line":8,"column":16},"end":{"line":36,"column":1}},"2":{"start":{"line":12,"column":18},"end":{"line":12,"column":23}},"3":{"start":{"line":13,"column":26},"end":{"line":13,"column":32}},"4":{"start":{"line":14,"column":2},"end":{"line":35,"column":3}},"5":{"start":{"line":16,"column":27},"end":{"line":16,"column":69}},"6":{"start":{"line":16,"column":46},"end":{"line":16,"column":68}},"7":{"start":{"line":17,"column":6},"end":{"line":19,"column":7}},"8":{"start":{"line":18,"column":8},"end":{"line":18,"column":21}},"9":{"start":{"line":20,"column":23},"end":{"line":20,"column":46}},"10":{"start":{"line":21,"column":6},"end":{"line":24,"column":8}},"11":{"start":{"line":27,"column":23},"end":{"line":27,"column":65}},"12":{"start":{"line":27,"column":42},"end":{"line":27,"column":64}},"13":{"start":{"line":28,"column":28},"end":{"line":28,"column":67}},"14":{"start":{"line":28,"column":49},"end":{"line":28,"column":66}},"15":{"start":{"line":29,"column":6},"end":{"line":32,"column":8}},"16":{"start":{"line":34,"column":6},"end":{"line":34,"column":19}}},"fnMap":{"0":{"name":"(anonymous_0)","decl":{"start":{"line":8,"column":16},"end":{"line":8,"column":17}},"loc":{"start":{"line":11,"column":24},"end":{"line":36,"column":1}},"line":11},"1":{"name":"(anonymous_1)","decl":{"start":{"line":16,"column":38},"end":{"line":16,"column":39}},"loc":{"start":{"line":16,"column":46},"end":{"line":16,"column":68}},"line":16},"2":{"name":"(anonymous_2)","decl":{"start":{"line":27,"column":34},"end":{"line":27,"column":35}},"loc":{"start":{"line":27,"column":42},"end":{"line":27,"column":64}},"line":27},"3":{"name":"(anonymous_3)","decl":{"start":{"line":28,"column":41},"end":{"line":28,"column":42}},"loc":{"start":{"line":28,"column":49},"end":{"line":28,"column":66}},"line":28}},"branchMap":{"0":{"loc":{"start":{"line":9,"column":2},"end":{"line":9,"column":41}},"type":"default-arg","locations":[{"start":{"line":9,"column":29},"end":{"line":9,"column":41}}],"line":9},"1":{"loc":{"start":{"line":14,"column":2},"end":{"line":35,"column":3}},"type":"switch","locations":[{"start":{"line":15,"column":4},"end":{"line":24,"column":8}},{"start":{"line":26,"column":4},"end":{"line":32,"column":8}},{"start":{"line":33,"column":4},"end":{"line":34,"column":19}}],"line":14},"2":{"loc":{"start":{"line":17,"column":6},"end":{"line":19,"column":7}},"type":"if","locations":[{"start":{"line":17,"column":6},"end":{"line":19,"column":7}},{"start":{"line":17,"column":6},"end":{"line":19,"column":7}}],"line":17}},"s":{"0":2,"1":2,"2":6,"3":6,"4":6,"5":0,"6":0,"7":0,"8":0,"9":0,"10":0,"11":0,"12":0,"13":0,"14":0,"15":0,"16":6},"f":{"0":6,"1":0,"2":0,"3":0},"b":{"0":[6],"1":[0,0,6],"2":[0,0]},"_coverageSchema":"1a1c01bbd47fc00a2c39e90264f33305004495a9","hash":"e0c9b61a70c5a3811f83520b7d5fefb883eb4fc5"}
,"/Applications/Projects/2021/PLTTest/src/shared/store/reducers/index.ts": {"path":"/Applications/Projects/2021/PLTTest/src/shared/store/reducers/index.ts","statementMap":{"0":{"start":{"line":4,"column":17},"end":{"line":6,"column":2}}},"fnMap":{},"branchMap":{},"s":{"0":2},"f":{},"b":{},"_coverageSchema":"1a1c01bbd47fc00a2c39e90264f33305004495a9","hash":"25e9ce7997a487c51a8341fbefe5fca5549cae91"}
,"/Applications/Projects/2021/PLTTest/src/shared/utils/objectHelpers.ts": {"path":"/Applications/Projects/2021/PLTTest/src/shared/utils/objectHelpers.ts","statementMap":{"0":{"start":{"line":1,"column":16},"end":{"line":3,"column":1}},"1":{"start":{"line":2,"column":2},"end":{"line":2,"column":39}}},"fnMap":{"0":{"name":"(anonymous_0)","decl":{"start":{"line":1,"column":16},"end":{"line":1,"column":17}},"loc":{"start":{"line":1,"column":33},"end":{"line":3,"column":1}},"line":1}},"branchMap":{},"s":{"0":2,"1":5},"f":{"0":5},"b":{},"_coverageSchema":"1a1c01bbd47fc00a2c39e90264f33305004495a9","hash":"d9d5088afa993de41c550bf664af79e44c38aa23"}
,"/Applications/Projects/2021/PLTTest/src/shared/utils/test-utils.tsx": {"path":"/Applications/Projects/2021/PLTTest/src/shared/utils/test-utils.tsx","statementMap":{"0":{"start":{"line":14,"column":15},"end":{"line":23,"column":1}},"1":{"start":{"line":15,"column":18},"end":{"line":21,"column":3}},"2":{"start":{"line":16,"column":4},"end":{"line":20,"column":6}},"3":{"start":{"line":22,"column":2},"end":{"line":22,"column":61}}},"fnMap":{"0":{"name":"(anonymous_0)","decl":{"start":{"line":14,"column":15},"end":{"line":14,"column":16}},"loc":{"start":{"line":14,"column":68},"end":{"line":23,"column":1}},"line":14},"1":{"name":"(anonymous_1)","decl":{"start":{"line":15,"column":18},"end":{"line":15,"column":19}},"loc":{"start":{"line":15,"column":62},"end":{"line":21,"column":3}},"line":15}},"branchMap":{},"s":{"0":2,"1":8,"2":8,"3":8},"f":{"0":8,"1":8},"b":{},"_coverageSchema":"1a1c01bbd47fc00a2c39e90264f33305004495a9","hash":"f936d4337a680bd73c7b4bbcbc7934c6cf63a88e"}
}
